<?xml version="1.0" encoding="UTF-8"?>
<!-- Generated by org.testng.reporters.JUnitReportReporter -->
<testsuite hostname="DESKTOP-2LA97SQ" failures="0" tests="2" name="studyproject.Ebay_Advanced_Search_Sanity" time="25.965" errors="0" timestamp="24 May 2022 19:34:13 GMT">
  <testcase classname="studyproject.Ebay_Advanced_Search_Sanity" name="empty_advanced_search_test" time="19.843"/>
  <testcase classname="studyproject.Ebay_Advanced_Search_Sanity" name="category_option_in_assending_order_test" time="6.122"/>
</testsuite> <!-- studyproject.Ebay_Advanced_Search_Sanity -->
