<?xml version="1.0" encoding="UTF-8"?>
<!-- Generated by org.testng.reporters.JUnitReportReporter -->
<testsuite hostname="DESKTOP-2LA97SQ" failures="0" tests="1" name="studyproject.Ebay_Advanced_Search_Sanity" time="5.890" errors="0" timestamp="24 May 2022 17:48:58 GMT">
  <testcase classname="studyproject.Ebay_Advanced_Search_Sanity" name="category_option_in_assending_order_test" time="5.890"/>
</testsuite> <!-- studyproject.Ebay_Advanced_Search_Sanity -->
