<?xml version="1.0" encoding="UTF-8"?>
<!-- Generated by org.testng.reporters.JUnitReportReporter -->
<testsuite hostname="DESKTOP-2LA97SQ" failures="0" tests="1" name="studyproject.Ebay_Advanced_Search_Sanity" time="12.763" errors="0" timestamp="21 May 2022 19:42:44 GMT">
  <testcase classname="studyproject.Ebay_Advanced_Search_Sanity" name="empty_advanced_search_test" time="12.763"/>
</testsuite> <!-- studyproject.Ebay_Advanced_Search_Sanity -->
