<?xml version="1.0" encoding="UTF-8"?>
<!-- Generated by org.testng.reporters.JUnitReportReporter -->
<testsuite hostname="DESKTOP-2LA97SQ" failures="0" tests="1" name="studyproject.Ebay_Advanced_Search_Sanity" time="18.032" errors="0" timestamp="1 Jun 2022 06:12:18 GMT">
  <testcase classname="studyproject.Ebay_Advanced_Search_Sanity" name="advanced_search_keyword_search" time="18.032"/>
</testsuite> <!-- studyproject.Ebay_Advanced_Search_Sanity -->
