<?xml version="1.0" encoding="UTF-8"?>
<!-- Generated by org.testng.reporters.JUnitReportReporter -->
<testsuite hostname="DESKTOP-2LA97SQ" failures="0" tests="5" name="studyproject.Demo_Test" time="0.028" errors="0" timestamp="24 May 2022 19:34:13 GMT">
  <testcase classname="studyproject.Demo_Test" name="test3" time="0.002"/>
  <testcase classname="studyproject.Demo_Test" name="test2" time="0.006"/>
  <testcase classname="studyproject.Demo_Test" name="test1" time="0.013"/>
  <testcase classname="studyproject.Demo_Test" name="test5" time="0.004"/>
  <testcase classname="studyproject.Demo_Test" name="test4" time="0.003"/>
</testsuite> <!-- studyproject.Demo_Test -->
